<?xml version="1.0" encoding="UTF-8"?>
<!-- Generated by org.testng.reporters.JUnitXMLReporter -->
<testsuite ignored="0" hostname="BUDDHIKA-02" failures="0" tests="4" name="Default test" time="7.835" errors="0" timestamp="2025-03-14T08:32:37 IST">
  <testcase classname="api.test.UserTests" name="testPostUser" time="2.811"/>
  <testcase classname="api.test.UserTests" name="testGetUserByName" time="1.27"/>
  <testcase classname="api.test.UserTests" name="testUpdateUserByName" time="2.253"/>
  <testcase classname="api.test.UserTests" name="testDeleteUserByName" time="1.247"/>
</testsuite> <!-- Default test -->
