<?xml version="1.0" encoding="UTF-8"?>
<!-- Generated by org.testng.reporters.JUnitXMLReporter -->
<testsuite ignored="0" hostname="BUDDHIKA-02" failures="1" tests="4" name="Test" time="11.668" errors="0" timestamp="2025-04-07T15:09:57 IST">
  <testcase classname="api.test.UserTests2" name="testPostUser" time="3.547"/>
  <testcase classname="api.test.UserTests2" name="testGetUserByName" time="1.459">
    <failure type="java.lang.AssertionError" message="expected [200] but found [404]">
      <![CDATA[java.lang.AssertionError: expected [200] but found [404]
at api.test.UserTests2.testGetUserByName(UserTests2.java:61)
at java.base/java.util.ArrayList.forEach(ArrayList.java:1596)
... Removed 32 stack frames]]>
    </failure>
  </testcase> <!-- testGetUserByName -->
  <testcase classname="api.test.UserTests2" name="testUpdateUserByName" time="2.749"/>
  <testcase classname="api.test.UserTests2" name="testDeleteUserByName" time="2.944"/>
</testsuite> <!-- Test -->
