<?xml version="1.0" encoding="UTF-8"?>
<testng-results ignored="0" total="4" passed="4" failed="0" skipped="0">
  <reporter-output>
  </reporter-output>
  <suite started-at="2025-03-14T08:32:29 IST" name="Default suite" finished-at="2025-03-14T08:32:37 IST" duration-ms="7835">
    <groups>
    </groups>
    <test started-at="2025-03-14T08:32:29 IST" name="Default test" finished-at="2025-03-14T08:32:37 IST" duration-ms="7835">
      <class name="api.test.UserTests">
        <test-method is-config="true" signature="setupData()[pri:0, instance:api.test.UserTests@30c15d8b]" started-at="2025-03-14T08:32:29 IST" name="setupData" finished-at="2025-03-14T08:32:29 IST" duration-ms="194" status="PASS">
          <reporter-output>
          </reporter-output>
        </test-method> <!-- setupData -->
        <test-method signature="testPostUser()[pri:1, instance:api.test.UserTests@30c15d8b]" started-at="2025-03-14T08:32:29 IST" name="testPostUser" finished-at="2025-03-14T08:32:32 IST" duration-ms="2811" status="PASS">
          <reporter-output>
          </reporter-output>
        </test-method> <!-- testPostUser -->
        <test-method signature="testGetUserByName()[pri:2, instance:api.test.UserTests@30c15d8b]" started-at="2025-03-14T08:32:32 IST" name="testGetUserByName" finished-at="2025-03-14T08:32:33 IST" duration-ms="1270" status="PASS">
          <reporter-output>
          </reporter-output>
        </test-method> <!-- testGetUserByName -->
        <test-method signature="testUpdateUserByName()[pri:3, instance:api.test.UserTests@30c15d8b]" started-at="2025-03-14T08:32:33 IST" name="testUpdateUserByName" finished-at="2025-03-14T08:32:36 IST" duration-ms="2253" status="PASS">
          <reporter-output>
          </reporter-output>
        </test-method> <!-- testUpdateUserByName -->
        <test-method signature="testDeleteUserByName()[pri:4, instance:api.test.UserTests@30c15d8b]" started-at="2025-03-14T08:32:36 IST" name="testDeleteUserByName" finished-at="2025-03-14T08:32:37 IST" duration-ms="1247" status="PASS">
          <reporter-output>
          </reporter-output>
        </test-method> <!-- testDeleteUserByName -->
      </class> <!-- api.test.UserTests -->
    </test> <!-- Default test -->
  </suite> <!-- Default suite -->
</testng-results>
